# JRE version: OpenJDK Runtime Environment Temurin-18.0.1+10 (18.0.1+10) (build 18.0.1+10)
# Java VM: OpenJDK 64-Bit Server VM Temurin-18.0.1+10 (18.0.1+10, mixed mode, tiered, compressed oops, compressed class ptrs, serial gc, windows-amd64)
GC Precious Log:
 CardTable entry size: 512
 CPUs: 1 total, 1 available
 Memory: 1023M
 Large Page Support: Disabled
 NUMA Support: Disabled
 Compressed Oops: Enabled (32-bit)
 Heap Min Capacity: 8M
 Heap Initial Capacity: 16M
 Heap Max Capacity: 256M
 Pre-touch: Disabled
Heap:
 def new generation   total 16704K, used 6270K [0x00000000f0000000, 0x00000000f1210000, 0x00000000f5550000)
  eden space 14912K,  33% used [0x00000000f0000000, 0x00000000f04eddc0, 0x00000000f0e90000)
  from space 1792K,  68% used [0x00000000f1050000, 0x00000000f1181ae0, 0x00000000f1210000)
  to   space 1792K,   0% used [0x00000000f0e90000, 0x00000000f0e90000, 0x00000000f1050000)
 tenured generation   total 36836K, used 22101K [0x00000000f5550000, 0x00000000f7949000, 0x0000000100000000)
   the space 36836K,  59% used [0x00000000f5550000, 0x00000000f6ae5560, 0x00000000f6ae5600, 0x00000000f7949000)
 Metaspace       used 63290K, committed 63744K, reserved 1114112K
  class space    used 7904K, committed 8128K, reserved 1048576K
GC Heap History (20 events):
Event: 13.273 GC heap before
{Heap before GC invocations=27 (full 2):
 def new generation   total 11776K, used 10496K [0x00000000f0000000, 0x00000000f0cc0000, 0x00000000f5550000)
  eden space 10496K, 100% used [0x00000000f0000000, 0x00000000f0a40000, 0x00000000f0a40000)
  from space 1280K,   0% used [0x00000000f0a40000, 0x00000000f0a40000, 0x00000000f0b80000)
  to   space 1280K,   0% used [0x00000000f0b80000, 0x00000000f0b80000, 0x00000000f0cc0000)
 tenured generation   total 26060K, used 15635K [0x00000000f5550000, 0x00000000f6ec3000, 0x0000000100000000)
   the space 26060K,  59% used [0x00000000f5550000, 0x00000000f6494fe8, 0x00000000f6495000, 0x00000000f6ec3000)
 Metaspace       used 38539K, committed 38848K, reserved 1114112K
  class space    used 4333K, committed 4480K, reserved 1048576K
}
Event: 13.286 GC heap after
{Heap after GC invocations=28 (full 2):
 def new generation   total 11776K, used 1279K [0x00000000f0000000, 0x00000000f0cc0000, 0x00000000f5550000)
  eden space 10496K,   0% used [0x00000000f0000000, 0x00000000f0000000, 0x00000000f0a40000)
  from space 1280K,  99% used [0x00000000f0b80000, 0x00000000f0cbfff8, 0x00000000f0cc0000)
  to   space 1280K,   0% used [0x00000000f0a40000, 0x00000000f0a40000, 0x00000000f0b80000)
 tenured generation   total 26060K, used 15747K [0x00000000f5550000, 0x00000000f6ec3000, 0x0000000100000000)
   the space 26060K,  60% used [0x00000000f5550000, 0x00000000f64b0ec8, 0x00000000f64b1000, 0x00000000f6ec3000)
 Metaspace       used 38539K, committed 38848K, reserved 1114112K
  class space    used 4333K, committed 4480K, reserved 1048576K
}
Event: 13.786 GC heap before
{Heap before GC invocations=28 (full 2):
 def new generation   total 11776K, used 11775K [0x00000000f0000000, 0x00000000f0cc0000, 0x00000000f5550000)
  eden space 10496K, 100% used [0x00000000f0000000, 0x00000000f0a40000, 0x00000000f0a40000)
  from space 1280K,  99% used [0x00000000f0b80000, 0x00000000f0cbfff8, 0x00000000f0cc0000)
  to   space 1280K,   0% used [0x00000000f0a40000, 0x00000000f0a40000, 0x00000000f0b80000)
 tenured generation   total 26060K, used 15747K [0x00000000f5550000, 0x00000000f6ec3000, 0x0000000100000000)
   the space 26060K,  60% used [0x00000000f5550000, 0x00000000f64b0ec8, 0x00000000f64b1000, 0x00000000f6ec3000)
 Metaspace       used 41395K, committed 41792K, reserved 1114112K
  class space    used 4615K, committed 4800K, reserved 1048576K
}
Event: 13.794 GC heap after
{Heap after GC invocations=29 (full 2):
 def new generation   total 11776K, used 401K [0x00000000f0000000, 0x00000000f0cc0000, 0x00000000f5550000)
  eden space 10496K,   0% used [0x00000000f0000000, 0x00000000f0000000, 0x00000000f0a40000)
  from space 1280K,  31% used [0x00000000f0a40000, 0x00000000f0aa4440, 0x00000000f0b80000)
  to   space 1280K,   0% used [0x00000000f0b80000, 0x00000000f0b80000, 0x00000000f0cc0000)
 tenured generation   total 26060K, used 18007K [0x00000000f5550000, 0x00000000f6ec3000, 0x0000000100000000)
   the space 26060K,  69% used [0x00000000f5550000, 0x00000000f66e5cb8, 0x00000000f66e5e00, 0x00000000f6ec3000)
 Metaspace       used 41395K, committed 41792K, reserved 1114112K
  class space    used 4615K, committed 4800K, reserved 1048576K
}
Event: 14.248 GC heap before
{Heap before GC invocations=29 (full 2):
 def new generation   total 11776K, used 10897K [0x00000000f0000000, 0x00000000f0cc0000, 0x00000000f5550000)
  eden space 10496K, 100% used [0x00000000f0000000, 0x00000000f0a40000, 0x00000000f0a40000)
  from space 1280K,  31% used [0x00000000f0a40000, 0x00000000f0aa4440, 0x00000000f0b80000)
  to   space 1280K,   0% used [0x00000000f0b80000, 0x00000000f0b80000, 0x00000000f0cc0000)
 tenured generation   total 26060K, used 18007K [0x00000000f5550000, 0x00000000f6ec3000, 0x0000000100000000)
   the space 26060K,  69% used [0x00000000f5550000, 0x00000000f66e5cb8, 0x00000000f66e5e00, 0x00000000f6ec3000)
 Metaspace       used 43603K, committed 43968K, reserved 1114112K
  class space    used 4932K, committed 5120K, reserved 1048576K
}
Event: 14.252 GC heap after
{Heap after GC invocations=30 (full 2):
 def new generation   total 11776K, used 904K [0x00000000f0000000, 0x00000000f0cc0000, 0x00000000f5550000)
  eden space 10496K,   0% used [0x00000000f0000000, 0x00000000f0000000, 0x00000000f0a40000)
  from space 1280K,  70% used [0x00000000f0b80000, 0x00000000f0c623c0, 0x00000000f0cc0000)
  to   space 1280K,   0% used [0x00000000f0a40000, 0x00000000f0a40000, 0x00000000f0b80000)
 tenured generation   total 26060K, used 18007K [0x00000000f5550000, 0x00000000f6ec3000, 0x0000000100000000)
   the space 26060K,  69% used [0x00000000f5550000, 0x00000000f66e5cb8, 0x00000000f66e5e00, 0x00000000f6ec3000)
 Metaspace       used 43603K, committed 43968K, reserved 1114112K
  class space    used 4932K, committed 5120K, reserved 1048576K
}
Event: 14.825 GC heap before
{Heap before GC invocations=30 (full 2):
 def new generation   total 11776K, used 11400K [0x00000000f0000000, 0x00000000f0cc0000, 0x00000000f5550000)
  eden space 10496K, 100% used [0x00000000f0000000, 0x00000000f0a40000, 0x00000000f0a40000)
  from space 1280K,  70% used [0x00000000f0b80000, 0x00000000f0c623c0, 0x00000000f0cc0000)
  to   space 1280K,   0% used [0x00000000f0a40000, 0x00000000f0a40000, 0x00000000f0b80000)
 tenured generation   total 26060K, used 18007K [0x00000000f5550000, 0x00000000f6ec3000, 0x0000000100000000)
   the space 26060K,  69% used [0x00000000f5550000, 0x00000000f66e5cb8, 0x00000000f66e5e00, 0x00000000f6ec3000)
 Metaspace       used 46397K, committed 46784K, reserved 1114112K
  class space    used 5319K, committed 5504K, reserved 1048576K
}
Event: 14.830 GC heap after
{Heap after GC invocations=31 (full 2):
 def new generation   total 11776K, used 1062K [0x00000000f0000000, 0x00000000f0cc0000, 0x00000000f5550000)
  eden space 10496K,   0% used [0x00000000f0000000, 0x00000000f0000000, 0x00000000f0a40000)
  from space 1280K,  83% used [0x00000000f0a40000, 0x00000000f0b49a98, 0x00000000f0b80000)
  to   space 1280K,   0% used [0x00000000f0b80000, 0x00000000f0b80000, 0x00000000f0cc0000)
 tenured generation   total 26060K, used 18373K [0x00000000f5550000, 0x00000000f6ec3000, 0x0000000100000000)
   the space 26060K,  70% used [0x00000000f5550000, 0x00000000f6741718, 0x00000000f6741800, 0x00000000f6ec3000)
 Metaspace       used 46397K, committed 46784K, reserved 1114112K
  class space    used 5319K, committed 5504K, reserved 1048576K
}
Event: 16.082 GC heap before
{Heap before GC invocations=31 (full 2):
 def new generation   total 11776K, used 11558K [0x00000000f0000000, 0x00000000f0cc0000, 0x00000000f5550000)
  eden space 10496K, 100% used [0x00000000f0000000, 0x00000000f0a40000, 0x00000000f0a40000)
  from space 1280K,  83% used [0x00000000f0a40000, 0x00000000f0b49a98, 0x00000000f0b80000)
  to   space 1280K,   0% used [0x00000000f0b80000, 0x00000000f0b80000, 0x00000000f0cc0000)
 tenured generation   total 26060K, used 18373K [0x00000000f5550000, 0x00000000f6ec3000, 0x0000000100000000)
   the space 26060K,  70% used [0x00000000f5550000, 0x00000000f6741718, 0x00000000f6741800, 0x00000000f6ec3000)
 Metaspace       used 49410K, committed 49792K, reserved 1114112K
  class space    used 5876K, committed 6080K, reserved 1048576K
}
Event: 16.088 GC heap after
{Heap after GC invocations=32 (full 2):
 def new generation   total 11776K, used 1060K [0x00000000f0000000, 0x00000000f0cc0000, 0x00000000f5550000)
  eden space 10496K,   0% used [0x00000000f0000000, 0x00000000f0000000, 0x00000000f0a40000)
  from space 1280K,  82% used [0x00000000f0b80000, 0x00000000f0c89328, 0x00000000f0cc0000)
  to   space 1280K,   0% used [0x00000000f0a40000, 0x00000000f0a40000, 0x00000000f0b80000)
 tenured generation   total 26060K, used 18892K [0x00000000f5550000, 0x00000000f6ec3000, 0x0000000100000000)
   the space 26060K,  72% used [0x00000000f5550000, 0x00000000f67c33b8, 0x00000000f67c3400, 0x00000000f6ec3000)
 Metaspace       used 49410K, committed 49792K, reserved 1114112K
  class space    used 5876K, committed 6080K, reserved 1048576K
}
Event: 16.388 GC heap before
{Heap before GC invocations=32 (full 2):
 def new generation   total 11776K, used 11556K [0x00000000f0000000, 0x00000000f0cc0000, 0x00000000f5550000)
  eden space 10496K, 100% used [0x00000000f0000000, 0x00000000f0a40000, 0x00000000f0a40000)
  from space 1280K,  82% used [0x00000000f0b80000, 0x00000000f0c89328, 0x00000000f0cc0000)
  to   space 1280K,   0% used [0x00000000f0a40000, 0x00000000f0a40000, 0x00000000f0b80000)
 tenured generation   total 26060K, used 18892K [0x00000000f5550000, 0x00000000f6ec3000, 0x0000000100000000)
   the space 26060K,  72% used [0x00000000f5550000, 0x00000000f67c33b8, 0x00000000f67c3400, 0x00000000f6ec3000)
 Metaspace       used 52387K, committed 52800K, reserved 1114112K
  class space    used 6271K, committed 6464K, reserved 1048576K
}
Event: 16.394 GC heap after
{Heap after GC invocations=33 (full 2):
 def new generation   total 11776K, used 1197K [0x00000000f0000000, 0x00000000f0cc0000, 0x00000000f5550000)
  eden space 10496K,   0% used [0x00000000f0000000, 0x00000000f0000000, 0x00000000f0a40000)
  from space 1280K,  93% used [0x00000000f0a40000, 0x00000000f0b6b4d8, 0x00000000f0b80000)
  to   space 1280K,   0% used [0x00000000f0b80000, 0x00000000f0b80000, 0x00000000f0cc0000)
 tenured generation   total 26060K, used 19411K [0x00000000f5550000, 0x00000000f6ec3000, 0x0000000100000000)
   the space 26060K,  74% used [0x00000000f5550000, 0x00000000f6844d68, 0x00000000f6844e00, 0x00000000f6ec3000)
 Metaspace       used 52387K, committed 52800K, reserved 1114112K
  class space    used 6271K, committed 6464K, reserved 1048576K
}
Event: 16.692 GC heap before
{Heap before GC invocations=33 (full 2):
 def new generation   total 11776K, used 11693K [0x00000000f0000000, 0x00000000f0cc0000, 0x00000000f5550000)
  eden space 10496K, 100% used [0x00000000f0000000, 0x00000000f0a40000, 0x00000000f0a40000)
  from space 1280K,  93% used [0x00000000f0a40000, 0x00000000f0b6b4d8, 0x00000000f0b80000)
  to   space 1280K,   0% used [0x00000000f0b80000, 0x00000000f0b80000, 0x00000000f0cc0000)
 tenured generation   total 26060K, used 19411K [0x00000000f5550000, 0x00000000f6ec3000, 0x0000000100000000)
   the space 26060K,  74% used [0x00000000f5550000, 0x00000000f6844d68, 0x00000000f6844e00, 0x00000000f6ec3000)
 Metaspace       used 54709K, committed 55104K, reserved 1114112K
  class space    used 6636K, committed 6848K, reserved 1048576K
}
Event: 16.698 GC heap after
{Heap after GC invocations=34 (full 2):
 def new generation   total 11776K, used 715K [0x00000000f0000000, 0x00000000f0cc0000, 0x00000000f5550000)
  eden space 10496K,   0% used [0x00000000f0000000, 0x00000000f0000000, 0x00000000f0a40000)
  from space 1280K,  55% used [0x00000000f0b80000, 0x00000000f0c32eb0, 0x00000000f0cc0000)
  to   space 1280K,   0% used [0x00000000f0a40000, 0x00000000f0a40000, 0x00000000f0b80000)
 tenured generation   total 26060K, used 20602K [0x00000000f5550000, 0x00000000f6ec3000, 0x0000000100000000)
   the space 26060K,  79% used [0x00000000f5550000, 0x00000000f696e8a8, 0x00000000f696ea00, 0x00000000f6ec3000)
 Metaspace       used 54709K, committed 55104K, reserved 1114112K
  class space    used 6636K, committed 6848K, reserved 1048576K
}
Event: 17.168 GC heap before
{Heap before GC invocations=34 (full 2):
 def new generation   total 11776K, used 11211K [0x00000000f0000000, 0x00000000f0cc0000, 0x00000000f5550000)
  eden space 10496K, 100% used [0x00000000f0000000, 0x00000000f0a40000, 0x00000000f0a40000)
  from space 1280K,  55% used [0x00000000f0b80000, 0x00000000f0c32eb0, 0x00000000f0cc0000)
  to   space 1280K,   0% used [0x00000000f0a40000, 0x00000000f0a40000, 0x00000000f0b80000)
 tenured generation   total 26060K, used 20602K [0x00000000f5550000, 0x00000000f6ec3000, 0x0000000100000000)
   the space 26060K,  79% used [0x00000000f5550000, 0x00000000f696e8a8, 0x00000000f696ea00, 0x00000000f6ec3000)
 Metaspace       used 57618K, committed 58112K, reserved 1114112K
  class space    used 7133K, committed 7360K, reserved 1048576K
}
Event: 17.174 GC heap after
{Heap after GC invocations=35 (full 2):
 def new generation   total 11776K, used 465K [0x00000000f0000000, 0x00000000f0cc0000, 0x00000000f5550000)
  eden space 10496K,   0% used [0x00000000f0000000, 0x00000000f0000000, 0x00000000f0a40000)
  from space 1280K,  36% used [0x00000000f0a40000, 0x00000000f0ab4650, 0x00000000f0b80000)
  to   space 1280K,   0% used [0x00000000f0b80000, 0x00000000f0b80000, 0x00000000f0cc0000)
 tenured generation   total 26060K, used 21311K [0x00000000f5550000, 0x00000000f6ec3000, 0x0000000100000000)
   the space 26060K,  81% used [0x00000000f5550000, 0x00000000f6a1ffc0, 0x00000000f6a20000, 0x00000000f6ec3000)
 Metaspace       used 57618K, committed 58112K, reserved 1114112K
  class space    used 7133K, committed 7360K, reserved 1048576K
}
Event: 17.371 GC heap before
{Heap before GC invocations=35 (full 2):
 def new generation   total 11776K, used 6661K [0x00000000f0000000, 0x00000000f0cc0000, 0x00000000f5550000)
  eden space 10496K,  59% used [0x00000000f0000000, 0x00000000f060d180, 0x00000000f0a40000)
  from space 1280K,  36% used [0x00000000f0a40000, 0x00000000f0ab4650, 0x00000000f0b80000)
  to   space 1280K,   0% used [0x00000000f0b80000, 0x00000000f0b80000, 0x00000000f0cc0000)
 tenured generation   total 26060K, used 21311K [0x00000000f5550000, 0x00000000f6ec3000, 0x0000000100000000)
   the space 26060K,  81% used [0x00000000f5550000, 0x00000000f6a1ffc0, 0x00000000f6a20000, 0x00000000f6ec3000)
 Metaspace       used 59348K, committed 59776K, reserved 1114112K
  class space    used 7373K, committed 7616K, reserved 1048576K
}
Event: 17.428 GC heap after
{Heap after GC invocations=36 (full 3):
 def new generation   total 16704K, used 0K [0x00000000f0000000, 0x00000000f1210000, 0x00000000f5550000)
  eden space 14912K,   0% used [0x00000000f0000000, 0x00000000f0000000, 0x00000000f0e90000)
  from space 1792K,   0% used [0x00000000f0e90000, 0x00000000f0e90000, 0x00000000f1050000)
  to   space 1792K,   0% used [0x00000000f1050000, 0x00000000f1050000, 0x00000000f1210000)
 tenured generation   total 36836K, used 22101K [0x00000000f5550000, 0x00000000f7949000, 0x0000000100000000)
   the space 36836K,  59% used [0x00000000f5550000, 0x00000000f6ae5560, 0x00000000f6ae5600, 0x00000000f7949000)
 Metaspace       used 59348K, committed 59776K, reserved 1114112K
  class space    used 7373K, committed 7616K, reserved 1048576K
}
Event: 18.861 GC heap before
{Heap before GC invocations=36 (full 3):
 def new generation   total 16704K, used 14912K [0x00000000f0000000, 0x00000000f1210000, 0x00000000f5550000)
  eden space 14912K, 100% used [0x00000000f0000000, 0x00000000f0e90000, 0x00000000f0e90000)
  from space 1792K,   0% used [0x00000000f0e90000, 0x00000000f0e90000, 0x00000000f1050000)
  to   space 1792K,   0% used [0x00000000f1050000, 0x00000000f1050000, 0x00000000f1210000)
 tenured generation   total 36836K, used 22101K [0x00000000f5550000, 0x00000000f7949000, 0x0000000100000000)
   the space 36836K,  59% used [0x00000000f5550000, 0x00000000f6ae5560, 0x00000000f6ae5600, 0x00000000f7949000)
 Metaspace       used 62364K, committed 62848K, reserved 1114112K
  class space    used 7764K, committed 8000K, reserved 1048576K
}
Event: 18.975 GC heap after
{Heap after GC invocations=37 (full 3):
 def new generation   total 16704K, used 1222K [0x00000000f0000000, 0x00000000f1210000, 0x00000000f5550000)
  eden space 14912K,   0% used [0x00000000f0000000, 0x00000000f0000000, 0x00000000f0e90000)
  from space 1792K,  68% used [0x00000000f1050000, 0x00000000f1181ae0, 0x00000000f1210000)
  to   space 1792K,   0% used [0x00000000f0e90000, 0x00000000f0e90000, 0x00000000f1050000)
 tenured generation   total 36836K, used 22101K [0x00000000f5550000, 0x00000000f7949000, 0x0000000100000000)
   the space 36836K,  59% used [0x00000000f5550000, 0x00000000f6ae5560, 0x00000000f6ae5600, 0x00000000f7949000)
 Metaspace       used 62364K, committed 62848K, reserved 1114112K
  class space    used 7764K, committed 8000K, reserved 1048576K
}

