# JRE version: OpenJDK Runtime Environment Temurin-18.0.1+10 (18.0.1+10) (build 18.0.1+10)
# Java VM: OpenJDK 64-Bit Server VM Temurin-18.0.1+10 (18.0.1+10, mixed mode, tiered, compressed oops, compressed class ptrs, serial gc, windows-amd64)
GC Precious Log:
 CardTable entry size: 512
 CPUs: 1 total, 1 available
 Memory: 1023M
 Large Page Support: Disabled
 NUMA Support: Disabled
 Compressed Oops: Enabled (32-bit)
 Heap Min Capacity: 8M
 Heap Initial Capacity: 16M
 Heap Max Capacity: 256M
 Pre-touch: Disabled
Heap:
 def new generation   total 16704K, used 6634K [0x00000000f0000000, 0x00000000f1210000, 0x00000000f5550000)
  eden space 14912K,  36% used [0x00000000f0000000, 0x00000000f05488d8, 0x00000000f0e90000)
  from space 1792K,  68% used [0x00000000f1050000, 0x00000000f1182270, 0x00000000f1210000)
  to   space 1792K,   0% used [0x00000000f0e90000, 0x00000000f0e90000, 0x00000000f1050000)
 tenured generation   total 36840K, used 22102K [0x00000000f5550000, 0x00000000f794a000, 0x0000000100000000)
   the space 36840K,  59% used [0x00000000f5550000, 0x00000000f6ae5810, 0x00000000f6ae5a00, 0x00000000f794a000)
 Metaspace       used 63330K, committed 63744K, reserved 1114112K
  class space    used 7916K, committed 8128K, reserved 1048576K
GC Heap History (20 events):
Event: 13.655 GC heap before
{Heap before GC invocations=27 (full 2):
 def new generation   total 11776K, used 10496K [0x00000000f0000000, 0x00000000f0cc0000, 0x00000000f5550000)
  eden space 10496K, 100% used [0x00000000f0000000, 0x00000000f0a40000, 0x00000000f0a40000)
  from space 1280K,   0% used [0x00000000f0a40000, 0x00000000f0a40000, 0x00000000f0b80000)
  to   space 1280K,   0% used [0x00000000f0b80000, 0x00000000f0b80000, 0x00000000f0cc0000)
 tenured generation   total 26060K, used 15635K [0x00000000f5550000, 0x00000000f6ec3000, 0x0000000100000000)
   the space 26060K,  59% used [0x00000000f5550000, 0x00000000f6494fe0, 0x00000000f6495000, 0x00000000f6ec3000)
 Metaspace       used 38498K, committed 38848K, reserved 1114112K
  class space    used 4329K, committed 4480K, reserved 1048576K
}
Event: 13.667 GC heap after
{Heap after GC invocations=28 (full 2):
 def new generation   total 11776K, used 1280K [0x00000000f0000000, 0x00000000f0cc0000, 0x00000000f5550000)
  eden space 10496K,   0% used [0x00000000f0000000, 0x00000000f0000000, 0x00000000f0a40000)
  from space 1280K, 100% used [0x00000000f0b80000, 0x00000000f0cc0000, 0x00000000f0cc0000)
  to   space 1280K,   0% used [0x00000000f0a40000, 0x00000000f0a40000, 0x00000000f0b80000)
 tenured generation   total 26060K, used 15757K [0x00000000f5550000, 0x00000000f6ec3000, 0x0000000100000000)
   the space 26060K,  60% used [0x00000000f5550000, 0x00000000f64b3710, 0x00000000f64b3800, 0x00000000f6ec3000)
 Metaspace       used 38498K, committed 38848K, reserved 1114112K
  class space    used 4329K, committed 4480K, reserved 1048576K
}
Event: 14.162 GC heap before
{Heap before GC invocations=28 (full 2):
 def new generation   total 11776K, used 11776K [0x00000000f0000000, 0x00000000f0cc0000, 0x00000000f5550000)
  eden space 10496K, 100% used [0x00000000f0000000, 0x00000000f0a40000, 0x00000000f0a40000)
  from space 1280K, 100% used [0x00000000f0b80000, 0x00000000f0cc0000, 0x00000000f0cc0000)
  to   space 1280K,   0% used [0x00000000f0a40000, 0x00000000f0a40000, 0x00000000f0b80000)
 tenured generation   total 26060K, used 15757K [0x00000000f5550000, 0x00000000f6ec3000, 0x0000000100000000)
   the space 26060K,  60% used [0x00000000f5550000, 0x00000000f64b3710, 0x00000000f64b3800, 0x00000000f6ec3000)
 Metaspace       used 41392K, committed 41792K, reserved 1114112K
  class space    used 4614K, committed 4800K, reserved 1048576K
}
Event: 14.196 GC heap after
{Heap after GC invocations=29 (full 2):
 def new generation   total 11776K, used 379K [0x00000000f0000000, 0x00000000f0cc0000, 0x00000000f5550000)
  eden space 10496K,   0% used [0x00000000f0000000, 0x00000000f0000000, 0x00000000f0a40000)
  from space 1280K,  29% used [0x00000000f0a40000, 0x00000000f0a9eec8, 0x00000000f0b80000)
  to   space 1280K,   0% used [0x00000000f0b80000, 0x00000000f0b80000, 0x00000000f0cc0000)
 tenured generation   total 26060K, used 18006K [0x00000000f5550000, 0x00000000f6ec3000, 0x0000000100000000)
   the space 26060K,  69% used [0x00000000f5550000, 0x00000000f66e5b08, 0x00000000f66e5c00, 0x00000000f6ec3000)
 Metaspace       used 41392K, committed 41792K, reserved 1114112K
  class space    used 4614K, committed 4800K, reserved 1048576K
}
Event: 15.278 GC heap before
{Heap before GC invocations=29 (full 2):
 def new generation   total 11776K, used 10875K [0x00000000f0000000, 0x00000000f0cc0000, 0x00000000f5550000)
  eden space 10496K, 100% used [0x00000000f0000000, 0x00000000f0a40000, 0x00000000f0a40000)
  from space 1280K,  29% used [0x00000000f0a40000, 0x00000000f0a9eec8, 0x00000000f0b80000)
  to   space 1280K,   0% used [0x00000000f0b80000, 0x00000000f0b80000, 0x00000000f0cc0000)
 tenured generation   total 26060K, used 18006K [0x00000000f5550000, 0x00000000f6ec3000, 0x0000000100000000)
   the space 26060K,  69% used [0x00000000f5550000, 0x00000000f66e5b08, 0x00000000f66e5c00, 0x00000000f6ec3000)
 Metaspace       used 43602K, committed 43968K, reserved 1114112K
  class space    used 4931K, committed 5120K, reserved 1048576K
}
Event: 15.290 GC heap after
{Heap after GC invocations=30 (full 2):
 def new generation   total 11776K, used 911K [0x00000000f0000000, 0x00000000f0cc0000, 0x00000000f5550000)
  eden space 10496K,   0% used [0x00000000f0000000, 0x00000000f0000000, 0x00000000f0a40000)
  from space 1280K,  71% used [0x00000000f0b80000, 0x00000000f0c63fb8, 0x00000000f0cc0000)
  to   space 1280K,   0% used [0x00000000f0a40000, 0x00000000f0a40000, 0x00000000f0b80000)
 tenured generation   total 26060K, used 18006K [0x00000000f5550000, 0x00000000f6ec3000, 0x0000000100000000)
   the space 26060K,  69% used [0x00000000f5550000, 0x00000000f66e5b08, 0x00000000f66e5c00, 0x00000000f6ec3000)
 Metaspace       used 43602K, committed 43968K, reserved 1114112K
  class space    used 4931K, committed 5120K, reserved 1048576K
}
Event: 15.848 GC heap before
{Heap before GC invocations=30 (full 2):
 def new generation   total 11776K, used 11406K [0x00000000f0000000, 0x00000000f0cc0000, 0x00000000f5550000)
  eden space 10496K,  99% used [0x00000000f0000000, 0x00000000f0a3fbd8, 0x00000000f0a40000)
  from space 1280K,  71% used [0x00000000f0b80000, 0x00000000f0c63fb8, 0x00000000f0cc0000)
  to   space 1280K,   0% used [0x00000000f0a40000, 0x00000000f0a40000, 0x00000000f0b80000)
 tenured generation   total 26060K, used 18006K [0x00000000f5550000, 0x00000000f6ec3000, 0x0000000100000000)
   the space 26060K,  69% used [0x00000000f5550000, 0x00000000f66e5b08, 0x00000000f66e5c00, 0x00000000f6ec3000)
 Metaspace       used 46389K, committed 46784K, reserved 1114112K
  class space    used 5319K, committed 5504K, reserved 1048576K
}
Event: 15.854 GC heap after
{Heap after GC invocations=31 (full 2):
 def new generation   total 11776K, used 1055K [0x00000000f0000000, 0x00000000f0cc0000, 0x00000000f5550000)
  eden space 10496K,   0% used [0x00000000f0000000, 0x00000000f0000000, 0x00000000f0a40000)
  from space 1280K,  82% used [0x00000000f0a40000, 0x00000000f0b47da8, 0x00000000f0b80000)
  to   space 1280K,   0% used [0x00000000f0b80000, 0x00000000f0b80000, 0x00000000f0cc0000)
 tenured generation   total 26060K, used 18373K [0x00000000f5550000, 0x00000000f6ec3000, 0x0000000100000000)
   the space 26060K,  70% used [0x00000000f5550000, 0x00000000f6741778, 0x00000000f6741800, 0x00000000f6ec3000)
 Metaspace       used 46389K, committed 46784K, reserved 1114112K
  class space    used 5319K, committed 5504K, reserved 1048576K
}
Event: 16.947 GC heap before
{Heap before GC invocations=31 (full 2):
 def new generation   total 11776K, used 11551K [0x00000000f0000000, 0x00000000f0cc0000, 0x00000000f5550000)
  eden space 10496K, 100% used [0x00000000f0000000, 0x00000000f0a40000, 0x00000000f0a40000)
  from space 1280K,  82% used [0x00000000f0a40000, 0x00000000f0b47da8, 0x00000000f0b80000)
  to   space 1280K,   0% used [0x00000000f0b80000, 0x00000000f0b80000, 0x00000000f0cc0000)
 tenured generation   total 26060K, used 18373K [0x00000000f5550000, 0x00000000f6ec3000, 0x0000000100000000)
   the space 26060K,  70% used [0x00000000f5550000, 0x00000000f6741778, 0x00000000f6741800, 0x00000000f6ec3000)
 Metaspace       used 49400K, committed 49792K, reserved 1114112K
  class space    used 5874K, committed 6080K, reserved 1048576K
}
Event: 16.952 GC heap after
{Heap after GC invocations=32 (full 2):
 def new generation   total 11776K, used 1065K [0x00000000f0000000, 0x00000000f0cc0000, 0x00000000f5550000)
  eden space 10496K,   0% used [0x00000000f0000000, 0x00000000f0000000, 0x00000000f0a40000)
  from space 1280K,  83% used [0x00000000f0b80000, 0x00000000f0c8a7e0, 0x00000000f0cc0000)
  to   space 1280K,   0% used [0x00000000f0a40000, 0x00000000f0a40000, 0x00000000f0b80000)
 tenured generation   total 26060K, used 18892K [0x00000000f5550000, 0x00000000f6ec3000, 0x0000000100000000)
   the space 26060K,  72% used [0x00000000f5550000, 0x00000000f67c31e0, 0x00000000f67c3200, 0x00000000f6ec3000)
 Metaspace       used 49400K, committed 49792K, reserved 1114112K
  class space    used 5874K, committed 6080K, reserved 1048576K
}
Event: 17.257 GC heap before
{Heap before GC invocations=32 (full 2):
 def new generation   total 11776K, used 11561K [0x00000000f0000000, 0x00000000f0cc0000, 0x00000000f5550000)
  eden space 10496K, 100% used [0x00000000f0000000, 0x00000000f0a40000, 0x00000000f0a40000)
  from space 1280K,  83% used [0x00000000f0b80000, 0x00000000f0c8a7e0, 0x00000000f0cc0000)
  to   space 1280K,   0% used [0x00000000f0a40000, 0x00000000f0a40000, 0x00000000f0b80000)
 tenured generation   total 26060K, used 18892K [0x00000000f5550000, 0x00000000f6ec3000, 0x0000000100000000)
   the space 26060K,  72% used [0x00000000f5550000, 0x00000000f67c31e0, 0x00000000f67c3200, 0x00000000f6ec3000)
 Metaspace       used 52385K, committed 52800K, reserved 1114112K
  class space    used 6271K, committed 6464K, reserved 1048576K
}
Event: 17.263 GC heap after
{Heap after GC invocations=33 (full 2):
 def new generation   total 11776K, used 1200K [0x00000000f0000000, 0x00000000f0cc0000, 0x00000000f5550000)
  eden space 10496K,   0% used [0x00000000f0000000, 0x00000000f0000000, 0x00000000f0a40000)
  from space 1280K,  93% used [0x00000000f0a40000, 0x00000000f0b6c268, 0x00000000f0b80000)
  to   space 1280K,   0% used [0x00000000f0b80000, 0x00000000f0b80000, 0x00000000f0cc0000)
 tenured generation   total 26060K, used 19411K [0x00000000f5550000, 0x00000000f6ec3000, 0x0000000100000000)
   the space 26060K,  74% used [0x00000000f5550000, 0x00000000f6844e28, 0x00000000f6845000, 0x00000000f6ec3000)
 Metaspace       used 52385K, committed 52800K, reserved 1114112K
  class space    used 6271K, committed 6464K, reserved 1048576K
}
Event: 17.569 GC heap before
{Heap before GC invocations=33 (full 2):
 def new generation   total 11776K, used 11696K [0x00000000f0000000, 0x00000000f0cc0000, 0x00000000f5550000)
  eden space 10496K, 100% used [0x00000000f0000000, 0x00000000f0a40000, 0x00000000f0a40000)
  from space 1280K,  93% used [0x00000000f0a40000, 0x00000000f0b6c268, 0x00000000f0b80000)
  to   space 1280K,   0% used [0x00000000f0b80000, 0x00000000f0b80000, 0x00000000f0cc0000)
 tenured generation   total 26060K, used 19411K [0x00000000f5550000, 0x00000000f6ec3000, 0x0000000100000000)
   the space 26060K,  74% used [0x00000000f5550000, 0x00000000f6844e28, 0x00000000f6845000, 0x00000000f6ec3000)
 Metaspace       used 54710K, committed 55104K, reserved 1114112K
  class space    used 6636K, committed 6848K, reserved 1048576K
}
Event: 17.576 GC heap after
{Heap after GC invocations=34 (full 2):
 def new generation   total 11776K, used 722K [0x00000000f0000000, 0x00000000f0cc0000, 0x00000000f5550000)
  eden space 10496K,   0% used [0x00000000f0000000, 0x00000000f0000000, 0x00000000f0a40000)
  from space 1280K,  56% used [0x00000000f0b80000, 0x00000000f0c34a38, 0x00000000f0cc0000)
  to   space 1280K,   0% used [0x00000000f0a40000, 0x00000000f0a40000, 0x00000000f0b80000)
 tenured generation   total 26060K, used 20602K [0x00000000f5550000, 0x00000000f6ec3000, 0x0000000100000000)
   the space 26060K,  79% used [0x00000000f5550000, 0x00000000f696e8d8, 0x00000000f696ea00, 0x00000000f6ec3000)
 Metaspace       used 54710K, committed 55104K, reserved 1114112K
  class space    used 6636K, committed 6848K, reserved 1048576K
}
Event: 17.990 GC heap before
{Heap before GC invocations=34 (full 2):
 def new generation   total 11776K, used 11218K [0x00000000f0000000, 0x00000000f0cc0000, 0x00000000f5550000)
  eden space 10496K, 100% used [0x00000000f0000000, 0x00000000f0a40000, 0x00000000f0a40000)
  from space 1280K,  56% used [0x00000000f0b80000, 0x00000000f0c34a38, 0x00000000f0cc0000)
  to   space 1280K,   0% used [0x00000000f0a40000, 0x00000000f0a40000, 0x00000000f0b80000)
 tenured generation   total 26060K, used 20602K [0x00000000f5550000, 0x00000000f6ec3000, 0x0000000100000000)
   the space 26060K,  79% used [0x00000000f5550000, 0x00000000f696e8d8, 0x00000000f696ea00, 0x00000000f6ec3000)
 Metaspace       used 57614K, committed 58112K, reserved 1114112K
  class space    used 7132K, committed 7360K, reserved 1048576K
}
Event: 17.996 GC heap after
{Heap after GC invocations=35 (full 2):
 def new generation   total 11776K, used 466K [0x00000000f0000000, 0x00000000f0cc0000, 0x00000000f5550000)
  eden space 10496K,   0% used [0x00000000f0000000, 0x00000000f0000000, 0x00000000f0a40000)
  from space 1280K,  36% used [0x00000000f0a40000, 0x00000000f0ab4a50, 0x00000000f0b80000)
  to   space 1280K,   0% used [0x00000000f0b80000, 0x00000000f0b80000, 0x00000000f0cc0000)
 tenured generation   total 26060K, used 21312K [0x00000000f5550000, 0x00000000f6ec3000, 0x0000000100000000)
   the space 26060K,  81% used [0x00000000f5550000, 0x00000000f6a20060, 0x00000000f6a20200, 0x00000000f6ec3000)
 Metaspace       used 57614K, committed 58112K, reserved 1114112K
  class space    used 7132K, committed 7360K, reserved 1048576K
}
Event: 18.190 GC heap before
{Heap before GC invocations=35 (full 2):
 def new generation   total 11776K, used 6553K [0x00000000f0000000, 0x00000000f0cc0000, 0x00000000f5550000)
  eden space 10496K,  57% used [0x00000000f0000000, 0x00000000f05f1c68, 0x00000000f0a40000)
  from space 1280K,  36% used [0x00000000f0a40000, 0x00000000f0ab4a50, 0x00000000f0b80000)
  to   space 1280K,   0% used [0x00000000f0b80000, 0x00000000f0b80000, 0x00000000f0cc0000)
 tenured generation   total 26060K, used 21312K [0x00000000f5550000, 0x00000000f6ec3000, 0x0000000100000000)
   the space 26060K,  81% used [0x00000000f5550000, 0x00000000f6a20060, 0x00000000f6a20200, 0x00000000f6ec3000)
 Metaspace       used 59348K, committed 59776K, reserved 1114112K
  class space    used 7374K, committed 7616K, reserved 1048576K
}
Event: 18.256 GC heap after
{Heap after GC invocations=36 (full 3):
 def new generation   total 16704K, used 0K [0x00000000f0000000, 0x00000000f1210000, 0x00000000f5550000)
  eden space 14912K,   0% used [0x00000000f0000000, 0x00000000f0000000, 0x00000000f0e90000)
  from space 1792K,   0% used [0x00000000f0e90000, 0x00000000f0e90000, 0x00000000f1050000)
  to   space 1792K,   0% used [0x00000000f1050000, 0x00000000f1050000, 0x00000000f1210000)
 tenured generation   total 36840K, used 22102K [0x00000000f5550000, 0x00000000f794a000, 0x0000000100000000)
   the space 36840K,  59% used [0x00000000f5550000, 0x00000000f6ae5810, 0x00000000f6ae5a00, 0x00000000f794a000)
 Metaspace       used 59348K, committed 59776K, reserved 1114112K
  class space    used 7374K, committed 7616K, reserved 1048576K
}
Event: 19.614 GC heap before
{Heap before GC invocations=36 (full 3):
 def new generation   total 16704K, used 14912K [0x00000000f0000000, 0x00000000f1210000, 0x00000000f5550000)
  eden space 14912K, 100% used [0x00000000f0000000, 0x00000000f0e90000, 0x00000000f0e90000)
  from space 1792K,   0% used [0x00000000f0e90000, 0x00000000f0e90000, 0x00000000f1050000)
  to   space 1792K,   0% used [0x00000000f1050000, 0x00000000f1050000, 0x00000000f1210000)
 tenured generation   total 36840K, used 22102K [0x00000000f5550000, 0x00000000f794a000, 0x0000000100000000)
   the space 36840K,  59% used [0x00000000f5550000, 0x00000000f6ae5810, 0x00000000f6ae5a00, 0x00000000f794a000)
 Metaspace       used 62368K, committed 62848K, reserved 1114112K
  class space    used 7765K, committed 8000K, reserved 1048576K
}
Event: 19.620 GC heap after
{Heap after GC invocations=37 (full 3):
 def new generation   total 16704K, used 1224K [0x00000000f0000000, 0x00000000f1210000, 0x00000000f5550000)
  eden space 14912K,   0% used [0x00000000f0000000, 0x00000000f0000000, 0x00000000f0e90000)
  from space 1792K,  68% used [0x00000000f1050000, 0x00000000f1182270, 0x00000000f1210000)
  to   space 1792K,   0% used [0x00000000f0e90000, 0x00000000f0e90000, 0x00000000f1050000)
 tenured generation   total 36840K, used 22102K [0x00000000f5550000, 0x00000000f794a000, 0x0000000100000000)
   the space 36840K,  59% used [0x00000000f5550000, 0x00000000f6ae5810, 0x00000000f6ae5a00, 0x00000000f794a000)
 Metaspace       used 62368K, committed 62848K, reserved 1114112K
  class space    used 7765K, committed 8000K, reserved 1048576K
}

